<?xml version="1.0" encoding="UTF-8"?>
<!-- Generated by org.testng.reporters.JUnitReportReporter -->
<testsuite hostname="DESKTOP-TJPV3C5" failures="0" tests="2" name="com.qacart.todo.testcases.ToDoTest" time="29.601" errors="0" timestamp="2023-07-16T12:11:31 IDT" skipped="0">
  <testcase classname="com.qacart.todo.testcases.ToDoTest" name="ShouldBeAbleToAddNewToDo" time="24.120"/>
  <testcase classname="com.qacart.todo.testcases.ToDoTest" name="shouldBeAbleToDeleteToDo" time="5.481"/>
</testsuite> <!-- com.qacart.todo.testcases.ToDoTest -->
