<?xml version="1.0" encoding="UTF-8"?>
<!-- Generated by org.testng.reporters.JUnitReportReporter -->
<testsuite hostname="DESKTOP-TJPV3C5" failures="0" tests="1" name="com.qacart.todo.testcases.LoginTest" time="4.811" errors="0" timestamp="2023-07-16T14:10:31 IDT" skipped="0">
  <testcase classname="com.qacart.todo.testcases.LoginTest" name="ShouldBeAbleToLoginWithEmailAndPassword" time="4.811"/>
</testsuite> <!-- com.qacart.todo.testcases.LoginTest -->
