<?xml version="1.0" encoding="UTF-8"?>
<!-- Generated by org.testng.reporters.JUnitReportReporter -->
<testsuite hostname="DESKTOP-TJPV3C5" failures="0" tests="1" name="com.qacart.todo.testcases.LoginTest" time="7.938" errors="0" timestamp="2023-07-16T14:19:09 IDT" skipped="0">
  <testcase classname="com.qacart.todo.testcases.LoginTest" name="shouldBeAbleToLoginWithEmailAndPassword" time="7.938"/>
</testsuite> <!-- com.qacart.todo.testcases.LoginTest -->
