<?xml version="1.0" encoding="UTF-8"?>
<!-- Generated by org.testng.reporters.JUnitReportReporter -->
<testsuite hostname="DESKTOP-TJPV3C5" failures="0" tests="2" name="com.qacart.todo.testcases.ToDoTest" time="27.877" errors="0" timestamp="2023-07-16T14:19:09 IDT" skipped="0">
  <testcase classname="com.qacart.todo.testcases.ToDoTest" name="shouldBeAbleToDeleteToDo" time="16.623"/>
  <testcase classname="com.qacart.todo.testcases.ToDoTest" name="ShouldBeAbleToAddNewToDo" time="11.254"/>
</testsuite> <!-- com.qacart.todo.testcases.ToDoTest -->
